<?xml version="1.0" encoding="UTF-8"?>
<!-- Generated by org.testng.reporters.JUnitReportReporter -->
<testsuite hostname="DESKTOP-NIU96MO" failures="0" tests="4" name="lesson9.lesson9" time="0.574" errors="0" timestamp="2024-07-14T16:44:34 EET" skipped="2">
  <testcase classname="lesson9.lesson9" name="Login" time="0.437"/>
  <system-out/>
  <testcase classname="lesson9.lesson9" name="findLabs" time="0.137"/>
  <system-out/>
  <testcase classname="lesson9.lesson9" name="addItems">
    <skipped/>
  </testcase> <!-- addItems -->
  <system-out/>
  <testcase classname="lesson9.lesson9" name="addOneItems">
    <skipped/>
  </testcase> <!-- addOneItems -->
  <system-out/>
</testsuite> <!-- lesson9.lesson9 -->
