<?xml version="1.0" encoding="UTF-8"?>
<!-- Generated by org.testng.reporters.JUnitReportReporter -->
<testsuite hostname="DESKTOP-NIU96MO" failures="0" tests="4" name="lesson9.lesson9" time="0.902" errors="0" timestamp="2024-06-27T17:12:18 EET" skipped="2">
  <testcase classname="lesson9.lesson9" name="Login" time="0.682"/>
  <system-out/>
  <testcase classname="lesson9.lesson9" name="findLabs" time="0.220"/>
  <system-out/>
  <testcase classname="lesson9.lesson9" name="addItems">
    <skipped/>
  </testcase> <!-- addItems -->
  <system-out/>
  <testcase classname="lesson9.lesson9" name="addOneItems">
    <skipped/>
  </testcase> <!-- addOneItems -->
  <system-out/>
</testsuite> <!-- lesson9.lesson9 -->
